#
# There is insufficient memory for the Java Runtime Environment to continue.
# Native memory allocation (mmap) failed to map 162529280 bytes for G1 virtual space
# Possible reasons:
#   The system is out of physical RAM or swap space
#   The process is running with CompressedOops enabled, and the Java Heap may be blocking the growth of the native heap
# Possible solutions:
#   Reduce memory load on the system
#   Increase physical memory or swap space
#   Check if swap backing store is full
#   Decrease Java heap size (-Xmx/-Xms)
#   Decrease number of Java threads
#   Decrease Java thread stack sizes (-Xss)
#   Set larger code cache with -XX:ReservedCodeCacheSize=
#   JVM is running with Unscaled Compressed Oops mode in which the Java heap is
#     placed in the first 4GB address space. The Java Heap base address is the
#     maximum limit for the native heap growth. Please use -XX:HeapBaseMinAddress
#     to set the Java Heap base and to place the Java Heap above 4GB virtual address.
# This output file may be truncated or incomplete.
#
#  Out of Memory Error (os_windows.cpp:3532), pid=14728, tid=8784
#
# JRE version: OpenJDK Runtime Environment (17.0.2+8) (build 17.0.2+8-86)
# Java VM: OpenJDK 64-Bit Server VM (17.0.2+8-86, mixed mode, sharing, tiered, compressed oops, compressed class ptrs, g1 gc, windows-amd64)
# No core dump will be written. Minidumps are not enabled by default on client versions of Windows
#

---------------  S U M M A R Y ------------

Command Line: --add-opens=java.base/java.util=ALL-UNNAMED --add-opens=java.base/java.lang=ALL-UNNAMED --add-opens=java.base/java.lang.invoke=ALL-UNNAMED --add-opens=java.base/java.util=ALL-UNNAMED --add-opens=java.prefs/java.util.prefs=ALL-UNNAMED --add-opens=java.prefs/java.util.prefs=ALL-UNNAMED --add-opens=java.base/java.nio.charset=ALL-UNNAMED --add-opens=java.base/java.net=ALL-UNNAMED --add-opens=java.base/java.util.concurrent.atomic=ALL-UNNAMED -Xmx2048m -Dfile.encoding=UTF-8 -Duser.country=US -Duser.language=en -Duser.variant org.gradle.launcher.daemon.bootstrap.GradleDaemon 7.3.3

Host: Intel(R) Core(TM) i3-10110U CPU @ 2.10GHz, 4 cores, 7G,  Windows 11 , 64 bit Build 22000 (10.0.22000.1761)
Time: Wed Jun 14 04:42:02 2023 SE Asia Standard Time elapsed time: 22.461712 seconds (0d 0h 0m 22s)

---------------  T H R E A D  ---------------

Current thread (0x0000029e7f172930):  VMThread "VM Thread" [stack: 0x000000e436900000,0x000000e436a00000] [id=8784]

Stack: [0x000000e436900000,0x000000e436a00000]
Native frames: (J=compiled Java code, j=interpreted, Vv=VM code, C=native code)
V  [jvm.dll+0x670baa]
V  [jvm.dll+0x7cfcb4]
V  [jvm.dll+0x7d145e]
V  [jvm.dll+0x7d1ac3]
V  [jvm.dll+0x242bc5]
V  [jvm.dll+0x66dac9]
V  [jvm.dll+0x662412]
V  [jvm.dll+0x300c0b]
V  [jvm.dll+0x3081a6]
V  [jvm.dll+0x357d0e]
V  [jvm.dll+0x357f3f]
V  [jvm.dll+0x2d7ec8]
V  [jvm.dll+0x2d6194]
V  [jvm.dll+0x2d579c]
V  [jvm.dll+0x319411]
V  [jvm.dll+0x7d5f9b]
V  [jvm.dll+0x7d6cd4]
V  [jvm.dll+0x7d71ec]
V  [jvm.dll+0x7d75c4]
V  [jvm.dll+0x7d7690]
V  [jvm.dll+0x77ff7a]
V  [jvm.dll+0x66fa35]
C  [ucrtbase.dll+0x26c0c]
C  [KERNEL32.DLL+0x15590]
C  [ntdll.dll+0x485b]

VM_Operation (0x000000e438afd9e0): G1TryInitiateConcMark, mode: safepoint, requested by thread 0x0000029e06456470


---------------  P R O C E S S  ---------------

Threads class SMR info:
_java_thread_list=0x0000029e0b6c4430, length=38, elements={
0x0000029e678c3a70, 0x0000029e7f17b740, 0x0000029e7f17e300, 0x0000029e7f191360,
0x0000029e7f193c30, 0x0000029e7f1945e0, 0x0000029e7f195730, 0x0000029e7f196bb0,
0x0000029e7f19e7e0, 0x0000029e7f19fea0, 0x0000029e7fcc0450, 0x0000029e7fcc2930,
0x0000029e073989f0, 0x0000029e070fcb30, 0x0000029e06933eb0, 0x0000029e074dcdf0,
0x0000029e07511ac0, 0x0000029e0708a340, 0x0000029e0708a810, 0x0000029e06455fa0,
0x0000029e06455600, 0x0000029e064542c0, 0x0000029e064572e0, 0x0000029e06456e10,
0x0000029e064577b0, 0x0000029e06454790, 0x0000029e06456940, 0x0000029e06453df0,
0x0000029e06455130, 0x0000029e06456470, 0x0000029e7f1cd730, 0x0000029e7f1cb0b0,
0x0000029e075e8d00, 0x0000029e7f1d0280, 0x0000029e7f1d0750, 0x0000029e7f1cc8c0,
0x0000029e7f1ce5a0, 0x0000029e7f1ce0d0
}

Java Threads: ( => current thread )
  0x0000029e678c3a70 JavaThread "main" [_thread_blocked, id=13760, stack(0x000000e436300000,0x000000e436400000)]
  0x0000029e7f17b740 JavaThread "Reference Handler" daemon [_thread_blocked, id=23388, stack(0x000000e436a00000,0x000000e436b00000)]
  0x0000029e7f17e300 JavaThread "Finalizer" daemon [_thread_blocked, id=428, stack(0x000000e436b00000,0x000000e436c00000)]
  0x0000029e7f191360 JavaThread "Signal Dispatcher" daemon [_thread_blocked, id=13860, stack(0x000000e436c00000,0x000000e436d00000)]
  0x0000029e7f193c30 JavaThread "Attach Listener" daemon [_thread_blocked, id=14564, stack(0x000000e436d00000,0x000000e436e00000)]
  0x0000029e7f1945e0 JavaThread "Service Thread" daemon [_thread_blocked, id=21372, stack(0x000000e436e00000,0x000000e436f00000)]
  0x0000029e7f195730 JavaThread "Monitor Deflation Thread" daemon [_thread_blocked, id=16096, stack(0x000000e436f00000,0x000000e437000000)]
  0x0000029e7f196bb0 JavaThread "C2 CompilerThread0" daemon [_thread_in_native, id=3476, stack(0x000000e437000000,0x000000e437100000)]
  0x0000029e7f19e7e0 JavaThread "C1 CompilerThread0" daemon [_thread_blocked, id=6360, stack(0x000000e437100000,0x000000e437200000)]
  0x0000029e7f19fea0 JavaThread "Sweeper thread" daemon [_thread_blocked, id=17324, stack(0x000000e437200000,0x000000e437300000)]
  0x0000029e7fcc0450 JavaThread "Common-Cleaner" daemon [_thread_blocked, id=23392, stack(0x000000e437300000,0x000000e437400000)]
  0x0000029e7fcc2930 JavaThread "Notification Thread" daemon [_thread_blocked, id=20076, stack(0x000000e437400000,0x000000e437500000)]
  0x0000029e073989f0 JavaThread "Daemon health stats" [_thread_blocked, id=21436, stack(0x000000e437900000,0x000000e437a00000)]
  0x0000029e070fcb30 JavaThread "Incoming local TCP Connector on port 13674" [_thread_in_native, id=22480, stack(0x000000e437a00000,0x000000e437b00000)]
  0x0000029e06933eb0 JavaThread "Daemon periodic checks" [_thread_blocked, id=20264, stack(0x000000e437b00000,0x000000e437c00000)]
  0x0000029e074dcdf0 JavaThread "Daemon" [_thread_blocked, id=12432, stack(0x000000e437c00000,0x000000e437d00000)]
  0x0000029e07511ac0 JavaThread "Handler for socket connection from /127.0.0.1:13674 to /127.0.0.1:13675" [_thread_in_native, id=20672, stack(0x000000e437d00000,0x000000e437e00000)]
  0x0000029e0708a340 JavaThread "Cancel handler" [_thread_blocked, id=1532, stack(0x000000e437e00000,0x000000e437f00000)]
  0x0000029e0708a810 JavaThread "Daemon worker" [_thread_blocked, id=24264, stack(0x000000e437f00000,0x000000e438000000)]
  0x0000029e06455fa0 JavaThread "Asynchronous log dispatcher for DefaultDaemonConnection: socket connection from /127.0.0.1:13674 to /127.0.0.1:13675" [_thread_blocked, id=13116, stack(0x000000e438000000,0x000000e438100000)]
  0x0000029e06455600 JavaThread "Stdin handler" [_thread_blocked, id=11048, stack(0x000000e438100000,0x000000e438200000)]
  0x0000029e064542c0 JavaThread "Daemon client event forwarder" [_thread_blocked, id=9220, stack(0x000000e438200000,0x000000e438300000)]
  0x0000029e064572e0 JavaThread "Cache worker for journal cache (D:\Android\.gradle\jdks\caches\journal-1)" [_thread_blocked, id=16956, stack(0x000000e438300000,0x000000e438400000)]
  0x0000029e06456e10 JavaThread "File lock request listener" [_thread_in_native, id=9000, stack(0x000000e438400000,0x000000e438500000)]
  0x0000029e064577b0 JavaThread "Cache worker for file hash cache (D:\Android\.gradle\jdks\caches\7.3.3\fileHashes)" [_thread_blocked, id=19112, stack(0x000000e438500000,0x000000e438600000)]
  0x0000029e06454790 JavaThread "Cache worker for file hash cache (D:\AndroidProject\android_me\.gradle\7.3.3\fileHashes)" [_thread_blocked, id=3212, stack(0x000000e438600000,0x000000e438700000)]
  0x0000029e06456940 JavaThread "File watcher server" daemon [_thread_in_native, id=6476, stack(0x000000e438700000,0x000000e438800000)]
  0x0000029e06453df0 JavaThread "File watcher consumer" daemon [_thread_blocked, id=5420, stack(0x000000e438800000,0x000000e438900000)]
  0x0000029e06455130 JavaThread "jar transforms" [_thread_blocked, id=15328, stack(0x000000e438900000,0x000000e438a00000)]
  0x0000029e06456470 JavaThread "jar transforms Thread 2" [_thread_blocked, id=9628, stack(0x000000e438a00000,0x000000e438b00000)]
  0x0000029e7f1cd730 JavaThread "jar transforms Thread 3" [_thread_blocked, id=16508, stack(0x000000e438b00000,0x000000e438c00000)]
  0x0000029e7f1cb0b0 JavaThread "jar transforms Thread 4" [_thread_blocked, id=14592, stack(0x000000e438c00000,0x000000e438d00000)]
  0x0000029e075e8d00 JavaThread "C2 CompilerThread1" daemon [_thread_blocked, id=16684, stack(0x000000e438d00000,0x000000e438e00000)]
  0x0000029e7f1d0280 JavaThread "Cache worker for checksums cache (D:\AndroidProject\android_me\.gradle\7.3.3\checksums)" [_thread_blocked, id=8124, stack(0x000000e438e00000,0x000000e438f00000)]
  0x0000029e7f1d0750 JavaThread "Cache worker for cache directory md-supplier (D:\Android\.gradle\jdks\caches\7.3.3\md-supplier)" [_thread_blocked, id=13296, stack(0x000000e438f00000,0x000000e439000000)]
  0x0000029e7f1cc8c0 JavaThread "Cache worker for cache directory md-rule (D:\Android\.gradle\jdks\caches\7.3.3\md-rule)" [_thread_blocked, id=400, stack(0x000000e439000000,0x000000e439100000)]
  0x0000029e7f1ce5a0 JavaThread "Cache worker for execution history cache (D:\Android\.gradle\jdks\caches\7.3.3\executionHistory)" [_thread_blocked, id=24356, stack(0x000000e439100000,0x000000e439200000)]
  0x0000029e7f1ce0d0 JavaThread "Cache worker for file content cache (D:\Android\.gradle\jdks\caches\7.3.3\fileContent)" [_thread_blocked, id=15968, stack(0x000000e439200000,0x000000e439300000)]

Other Threads:
=>0x0000029e7f172930 VMThread "VM Thread" [stack: 0x000000e436900000,0x000000e436a00000] [id=8784]
  0x0000029e7fcc2e00 WatcherThread [stack: 0x000000e437500000,0x000000e437600000] [id=15044]
  0x0000029e67903430 GCTaskThread "GC Thread#0" [stack: 0x000000e436400000,0x000000e436500000] [id=6644]
  0x0000029e7ffdd650 GCTaskThread "GC Thread#1" [stack: 0x000000e437600000,0x000000e437700000] [id=21396]
  0x0000029e7fdeb3e0 GCTaskThread "GC Thread#2" [stack: 0x000000e437700000,0x000000e437800000] [id=3512]
  0x0000029e06402460 GCTaskThread "GC Thread#3" [stack: 0x000000e437800000,0x000000e437900000] [id=20244]
  0x0000029e67914370 ConcurrentGCThread "G1 Main Marker" [stack: 0x000000e436500000,0x000000e436600000] [id=10880]
  0x0000029e67914d80 ConcurrentGCThread "G1 Conc#0" [stack: 0x000000e436600000,0x000000e436700000] [id=21064]
  0x0000029e6798cde0 ConcurrentGCThread "G1 Refine#0" [stack: 0x000000e436700000,0x000000e436800000] [id=15616]
  0x0000029e6798d6a0 ConcurrentGCThread "G1 Service" [stack: 0x000000e436800000,0x000000e436900000] [id=18820]

Threads with active compile tasks:
C2 CompilerThread0    22500 5387       4       org.objectweb.asm.ClassReader::readMethod (1061 bytes)
C2 CompilerThread1    22500 5404       4       org.gradle.internal.classpath.InstrumentingBackwardsCompatibilityVisitor$BackwardCompatibilityMethodVisitor::visitLdcInsn (11 bytes)

VM state: at safepoint (normal execution)

VM Mutex/Monitor currently owned by a thread:  ([mutex/lock_event])
[0x0000029e678c06e0] Threads_lock - owner thread: 0x0000029e7f172930
[0x0000029e678bff00] Heap_lock - owner thread: 0x0000029e06456470

Heap address: 0x0000000080000000, size: 2048 MB, Compressed Oops mode: 32-bit

CDS archive(s) mapped at: [0x0000000800000000-0x0000000800bc0000-0x0000000800bc0000), size 12320768, SharedBaseAddress: 0x0000000800000000, ArchiveRelocationMode: 0.
Compressed class space mapped at: 0x0000000800c00000-0x0000000840c00000, reserved size: 1073741824
Narrow klass base: 0x0000000800000000, Narrow klass shift: 0, Narrow klass range: 0x100000000

GC Precious Log:
 CPUs: 4 total, 4 available
 Memory: 8029M
 Large Page Support: Disabled
 NUMA Support: Disabled
 Compressed Oops: Enabled (32-bit)
 Heap Region Size: 1M
 Heap Min Capacity: 8M
 Heap Initial Capacity: 126M
 Heap Max Capacity: 2G
 Pre-touch: Disabled
 Parallel Workers: 4
 Concurrent Workers: 1
 Concurrent Refinement Workers: 4
 Periodic GC: Disabled

Heap:
 garbage-first heap   total 158720K, used 75534K [0x0000000080000000, 0x0000000100000000)
  region size 1024K, 5 young (5120K), 5 survivors (5120K)
 Metaspace       used 40014K, committed 40448K, reserved 1089536K
  class space    used 5522K, committed 5760K, reserved 1048576K

Heap Regions: E=young(eden), S=young(survivor), O=old, HS=humongous(starts), HC=humongous(continues), CS=collection set, F=free, OA=open archive, CA=closed archive, TAMS=top-at-mark-start (previous, next)
|   0|0x0000000080000000, 0x0000000080100000, 0x0000000080100000|100%|HS|  |TAMS 0x0000000080100000, 0x0000000080100000| Complete 
|   1|0x0000000080100000, 0x0000000080200000, 0x0000000080200000|100%|HC|  |TAMS 0x0000000080200000, 0x0000000080200000| Complete 
|   2|0x0000000080200000, 0x0000000080300000, 0x0000000080300000|100%|HC|  |TAMS 0x0000000080300000, 0x0000000080300000| Complete 
|   3|0x0000000080300000, 0x0000000080400000, 0x0000000080400000|100%| O|  |TAMS 0x0000000080400000, 0x0000000080400000| Untracked 
|   4|0x0000000080400000, 0x0000000080500000, 0x0000000080500000|100%| O|  |TAMS 0x0000000080500000, 0x0000000080500000| Untracked 
|   5|0x0000000080500000, 0x0000000080600000, 0x0000000080600000|100%| O|  |TAMS 0x0000000080600000, 0x0000000080600000| Untracked 
|   6|0x0000000080600000, 0x0000000080700000, 0x0000000080700000|100%| O|  |TAMS 0x0000000080700000, 0x0000000080700000| Untracked 
|   7|0x0000000080700000, 0x0000000080800000, 0x0000000080800000|100%| O|  |TAMS 0x0000000080800000, 0x0000000080800000| Untracked 
|   8|0x0000000080800000, 0x0000000080900000, 0x0000000080900000|100%| O|  |TAMS 0x0000000080900000, 0x0000000080900000| Untracked 
|   9|0x0000000080900000, 0x0000000080a00000, 0x0000000080a00000|100%| O|  |TAMS 0x0000000080a00000, 0x0000000080a00000| Untracked 
|  10|0x0000000080a00000, 0x0000000080b00000, 0x0000000080b00000|100%|HS|  |TAMS 0x0000000080b00000, 0x0000000080b00000| Complete 
|  11|0x0000000080b00000, 0x0000000080c00000, 0x0000000080c00000|100%|HC|  |TAMS 0x0000000080c00000, 0x0000000080c00000| Complete 
|  12|0x0000000080c00000, 0x0000000080d00000, 0x0000000080d00000|100%|HS|  |TAMS 0x0000000080d00000, 0x0000000080d00000| Complete 
|  13|0x0000000080d00000, 0x0000000080e00000, 0x0000000080e00000|100%|HC|  |TAMS 0x0000000080e00000, 0x0000000080e00000| Complete 
|  14|0x0000000080e00000, 0x0000000080f00000, 0x0000000080f00000|100%|HC|  |TAMS 0x0000000080f00000, 0x0000000080f00000| Complete 
|  15|0x0000000080f00000, 0x0000000081000000, 0x0000000081000000|100%|HS|  |TAMS 0x0000000081000000, 0x0000000081000000| Complete 
|  16|0x0000000081000000, 0x0000000081100000, 0x0000000081100000|100%|HC|  |TAMS 0x0000000081100000, 0x0000000081100000| Complete 
|  17|0x0000000081100000, 0x0000000081200000, 0x0000000081200000|100%|HC|  |TAMS 0x0000000081200000, 0x0000000081200000| Complete 
|  18|0x0000000081200000, 0x0000000081300000, 0x0000000081300000|100%|HS|  |TAMS 0x0000000081300000, 0x0000000081300000| Complete 
|  19|0x0000000081300000, 0x0000000081400000, 0x0000000081400000|100%|HC|  |TAMS 0x0000000081400000, 0x0000000081400000| Complete 
|  20|0x0000000081400000, 0x0000000081500000, 0x0000000081500000|100%|HS|  |TAMS 0x0000000081500000, 0x0000000081500000| Complete 
|  21|0x0000000081500000, 0x0000000081600000, 0x0000000081600000|100%|HC|  |TAMS 0x0000000081600000, 0x0000000081600000| Complete 
|  22|0x0000000081600000, 0x0000000081700000, 0x0000000081700000|100%|HC|  |TAMS 0x0000000081700000, 0x0000000081700000| Complete 
|  23|0x0000000081700000, 0x0000000081800000, 0x0000000081800000|100%|HC|  |TAMS 0x0000000081800000, 0x0000000081800000| Complete 
|  24|0x0000000081800000, 0x0000000081900000, 0x0000000081900000|100%|HC|  |TAMS 0x0000000081900000, 0x0000000081900000| Complete 
|  25|0x0000000081900000, 0x0000000081a00000, 0x0000000081a00000|100%|HC|  |TAMS 0x0000000081a00000, 0x0000000081a00000| Complete 
|  26|0x0000000081a00000, 0x0000000081b00000, 0x0000000081b00000|100%|HC|  |TAMS 0x0000000081b00000, 0x0000000081b00000| Complete 
|  27|0x0000000081b00000, 0x0000000081c00000, 0x0000000081c00000|100%|HC|  |TAMS 0x0000000081c00000, 0x0000000081c00000| Complete 
|  28|0x0000000081c00000, 0x0000000081d00000, 0x0000000081d00000|100%|HC|  |TAMS 0x0000000081d00000, 0x0000000081d00000| Complete 
|  29|0x0000000081d00000, 0x0000000081e00000, 0x0000000081e00000|100%|HC|  |TAMS 0x0000000081e00000, 0x0000000081e00000| Complete 
|  30|0x0000000081e00000, 0x0000000081f00000, 0x0000000081f00000|100%|HC|  |TAMS 0x0000000081f00000, 0x0000000081f00000| Complete 
|  31|0x0000000081f00000, 0x0000000082000000, 0x0000000082000000|100%|HS|  |TAMS 0x0000000082000000, 0x0000000082000000| Complete 
|  32|0x0000000082000000, 0x0000000082100000, 0x0000000082100000|100%|HC|  |TAMS 0x0000000082100000, 0x0000000082100000| Complete 
|  33|0x0000000082100000, 0x0000000082200000, 0x0000000082200000|100%|HS|  |TAMS 0x0000000082200000, 0x0000000082200000| Complete 
|  34|0x0000000082200000, 0x0000000082300000, 0x0000000082300000|100%|HC|  |TAMS 0x0000000082300000, 0x0000000082300000| Complete 
|  35|0x0000000082300000, 0x0000000082400000, 0x0000000082400000|100%|HC|  |TAMS 0x0000000082400000, 0x0000000082400000| Complete 
|  36|0x0000000082400000, 0x0000000082500000, 0x0000000082500000|100%|HC|  |TAMS 0x0000000082500000, 0x0000000082500000| Complete 
|  37|0x0000000082500000, 0x0000000082600000, 0x0000000082600000|100%|HC|  |TAMS 0x0000000082600000, 0x0000000082600000| Complete 
|  38|0x0000000082600000, 0x0000000082700000, 0x0000000082700000|100%| O|  |TAMS 0x0000000082700000, 0x0000000082700000| Untracked 
|  39|0x0000000082700000, 0x0000000082800000, 0x0000000082800000|100%| O|  |TAMS 0x0000000082800000, 0x0000000082800000| Untracked 
|  40|0x0000000082800000, 0x0000000082900000, 0x0000000082900000|100%| O|  |TAMS 0x0000000082900000, 0x0000000082900000| Untracked 
|  41|0x0000000082900000, 0x0000000082a00000, 0x0000000082a00000|100%| O|  |TAMS 0x0000000082a00000, 0x0000000082a00000| Untracked 
|  42|0x0000000082a00000, 0x0000000082b00000, 0x0000000082b00000|100%| O|  |TAMS 0x0000000082b00000, 0x0000000082b00000| Untracked 
|  43|0x0000000082b00000, 0x0000000082c00000, 0x0000000082c00000|100%| O|  |TAMS 0x0000000082c00000, 0x0000000082c00000| Untracked 
|  44|0x0000000082c00000, 0x0000000082d00000, 0x0000000082d00000|100%| O|  |TAMS 0x0000000082d00000, 0x0000000082d00000| Untracked 
|  45|0x0000000082d00000, 0x0000000082e00000, 0x0000000082e00000|100%| O|  |TAMS 0x0000000082e00000, 0x0000000082e00000| Untracked 
|  46|0x0000000082e00000, 0x0000000082f00000, 0x0000000082f00000|100%| O|  |TAMS 0x0000000082f00000, 0x0000000082f00000| Untracked 
|  47|0x0000000082f00000, 0x0000000083000000, 0x0000000083000000|100%| O|  |TAMS 0x0000000083000000, 0x0000000083000000| Untracked 
|  48|0x0000000083000000, 0x0000000083100000, 0x0000000083100000|100%| O|  |TAMS 0x0000000083100000, 0x0000000083100000| Untracked 
|  49|0x0000000083100000, 0x0000000083200000, 0x0000000083200000|100%| O|  |TAMS 0x0000000083200000, 0x0000000083200000| Untracked 
|  50|0x0000000083200000, 0x0000000083300000, 0x0000000083300000|100%| O|  |TAMS 0x0000000083300000, 0x0000000083300000| Untracked 
|  51|0x0000000083300000, 0x0000000083400000, 0x0000000083400000|100%| O|  |TAMS 0x0000000083400000, 0x0000000083400000| Untracked 
|  52|0x0000000083400000, 0x0000000083500000, 0x0000000083500000|100%| O|  |TAMS 0x0000000083500000, 0x0000000083500000| Untracked 
|  53|0x0000000083500000, 0x0000000083600000, 0x0000000083600000|100%| O|  |TAMS 0x0000000083600000, 0x0000000083600000| Untracked 
|  54|0x0000000083600000, 0x0000000083700000, 0x0000000083700000|100%| O|  |TAMS 0x0000000083700000, 0x0000000083700000| Untracked 
|  55|0x0000000083700000, 0x0000000083800000, 0x0000000083800000|100%| O|  |TAMS 0x0000000083800000, 0x0000000083800000| Untracked 
|  56|0x0000000083800000, 0x0000000083900000, 0x0000000083900000|100%| O|  |TAMS 0x0000000083900000, 0x0000000083900000| Untracked 
|  57|0x0000000083900000, 0x0000000083a00000, 0x0000000083a00000|100%| O|  |TAMS 0x0000000083a00000, 0x0000000083a00000| Untracked 
|  58|0x0000000083a00000, 0x0000000083b00000, 0x0000000083b00000|100%| O|  |TAMS 0x0000000083ae9000, 0x0000000083b00000| Untracked 
|  59|0x0000000083b00000, 0x0000000083c00000, 0x0000000083c00000|100%| O|  |TAMS 0x0000000083b00000, 0x0000000083c00000| Untracked 
|  60|0x0000000083c00000, 0x0000000083d00000, 0x0000000083d00000|100%| O|  |TAMS 0x0000000083c00000, 0x0000000083d00000| Untracked 
|  61|0x0000000083d00000, 0x0000000083e00000, 0x0000000083e00000|100%|HS|  |TAMS 0x0000000083d00000, 0x0000000083e00000| Complete 
|  62|0x0000000083e00000, 0x0000000083f00000, 0x0000000083f00000|100%|HC|  |TAMS 0x0000000083e00000, 0x0000000083f00000| Complete 
|  63|0x0000000083f00000, 0x0000000084000000, 0x0000000084000000|100%|HC|  |TAMS 0x0000000083f00000, 0x0000000084000000| Complete 
|  64|0x0000000084000000, 0x0000000084100000, 0x0000000084100000|100%|HC|  |TAMS 0x0000000084000000, 0x0000000084100000| Complete 
|  65|0x0000000084100000, 0x0000000084200000, 0x0000000084200000|100%|HC|  |TAMS 0x0000000084100000, 0x0000000084200000| Complete 
|  66|0x0000000084200000, 0x0000000084300000, 0x0000000084300000|100%|HS|  |TAMS 0x0000000084200000, 0x0000000084300000| Complete 
|  67|0x0000000084300000, 0x0000000084400000, 0x0000000084400000|100%|HC|  |TAMS 0x0000000084300000, 0x0000000084400000| Complete 
|  68|0x0000000084400000, 0x0000000084500000, 0x0000000084500000|100%| O|  |TAMS 0x0000000084400000, 0x0000000084500000| Untracked 
|  69|0x0000000084500000, 0x0000000084575400, 0x0000000084600000| 45%| O|  |TAMS 0x0000000084500000, 0x0000000084575400| Untracked 
|  70|0x0000000084600000, 0x0000000084600000, 0x0000000084700000|  0%| F|  |TAMS 0x0000000084600000, 0x0000000084600000| Untracked 
|  71|0x0000000084700000, 0x0000000084700000, 0x0000000084800000|  0%| F|  |TAMS 0x0000000084700000, 0x0000000084700000| Untracked 
|  72|0x0000000084800000, 0x0000000084800000, 0x0000000084900000|  0%| F|  |TAMS 0x0000000084800000, 0x0000000084800000| Untracked 
|  73|0x0000000084900000, 0x0000000084900000, 0x0000000084a00000|  0%| F|  |TAMS 0x0000000084900000, 0x0000000084900000| Untracked 
|  74|0x0000000084a00000, 0x0000000084a00000, 0x0000000084b00000|  0%| F|  |TAMS 0x0000000084a00000, 0x0000000084a00000| Untracked 
|  75|0x0000000084b00000, 0x0000000084b00000, 0x0000000084c00000|  0%| F|  |TAMS 0x0000000084b00000, 0x0000000084b00000| Untracked 
|  76|0x0000000084c00000, 0x0000000084c00000, 0x0000000084d00000|  0%| F|  |TAMS 0x0000000084c00000, 0x0000000084c00000| Untracked 
|  77|0x0000000084d00000, 0x0000000084d00000, 0x0000000084e00000|  0%| F|  |TAMS 0x0000000084d00000, 0x0000000084d00000| Untracked 
|  78|0x0000000084e00000, 0x0000000084e00000, 0x0000000084f00000|  0%| F|  |TAMS 0x0000000084e00000, 0x0000000084e00000| Untracked 
|  79|0x0000000084f00000, 0x0000000084f00000, 0x0000000085000000|  0%| F|  |TAMS 0x0000000084f00000, 0x0000000084f00000| Untracked 
|  80|0x0000000085000000, 0x0000000085000000, 0x0000000085100000|  0%| F|  |TAMS 0x0000000085000000, 0x0000000085000000| Untracked 
|  81|0x0000000085100000, 0x0000000085100000, 0x0000000085200000|  0%| F|  |TAMS 0x0000000085100000, 0x0000000085100000| Untracked 
|  82|0x0000000085200000, 0x0000000085200000, 0x0000000085300000|  0%| F|  |TAMS 0x0000000085200000, 0x0000000085200000| Untracked 
|  83|0x0000000085300000, 0x0000000085300000, 0x0000000085400000|  0%| F|  |TAMS 0x0000000085300000, 0x0000000085300000| Untracked 
|  84|0x0000000085400000, 0x0000000085400000, 0x0000000085500000|  0%| F|  |TAMS 0x0000000085400000, 0x0000000085400000| Untracked 
|  85|0x0000000085500000, 0x0000000085500000, 0x0000000085600000|  0%| F|  |TAMS 0x0000000085500000, 0x0000000085500000| Untracked 
|  86|0x0000000085600000, 0x0000000085600000, 0x0000000085700000|  0%| F|  |TAMS 0x0000000085600000, 0x0000000085600000| Untracked 
|  87|0x0000000085700000, 0x0000000085700000, 0x0000000085800000|  0%| F|  |TAMS 0x0000000085700000, 0x0000000085700000| Untracked 
|  88|0x0000000085800000, 0x0000000085800000, 0x0000000085900000|  0%| F|  |TAMS 0x0000000085800000, 0x0000000085800000| Untracked 
|  89|0x0000000085900000, 0x0000000085900000, 0x0000000085a00000|  0%| F|  |TAMS 0x0000000085900000, 0x0000000085900000| Untracked 
|  90|0x0000000085a00000, 0x0000000085a00000, 0x0000000085b00000|  0%| F|  |TAMS 0x0000000085a00000, 0x0000000085a00000| Untracked 
|  91|0x0000000085b00000, 0x0000000085b00000, 0x0000000085c00000|  0%| F|  |TAMS 0x0000000085b00000, 0x0000000085b00000| Untracked 
|  92|0x0000000085c00000, 0x0000000085c00000, 0x0000000085d00000|  0%| F|  |TAMS 0x0000000085c00000, 0x0000000085c00000| Untracked 
|  93|0x0000000085d00000, 0x0000000085d00000, 0x0000000085e00000|  0%| F|  |TAMS 0x0000000085d00000, 0x0000000085d00000| Untracked 
|  94|0x0000000085e00000, 0x0000000085e00000, 0x0000000085f00000|  0%| F|  |TAMS 0x0000000085e00000, 0x0000000085e00000| Untracked 
|  95|0x0000000085f00000, 0x0000000085f00000, 0x0000000086000000|  0%| F|  |TAMS 0x0000000085f00000, 0x0000000085f00000| Untracked 
|  96|0x0000000086000000, 0x0000000086000000, 0x0000000086100000|  0%| F|  |TAMS 0x0000000086000000, 0x0000000086000000| Untracked 
|  97|0x0000000086100000, 0x0000000086100000, 0x0000000086200000|  0%| F|  |TAMS 0x0000000086100000, 0x0000000086100000| Untracked 
|  98|0x0000000086200000, 0x0000000086200000, 0x0000000086300000|  0%| F|  |TAMS 0x0000000086200000, 0x0000000086200000| Untracked 
|  99|0x0000000086300000, 0x0000000086300000, 0x0000000086400000|  0%| F|  |TAMS 0x0000000086300000, 0x0000000086300000| Untracked 
| 100|0x0000000086400000, 0x0000000086400000, 0x0000000086500000|  0%| F|  |TAMS 0x0000000086400000, 0x0000000086400000| Untracked 
| 101|0x0000000086500000, 0x0000000086500000, 0x0000000086600000|  0%| F|  |TAMS 0x0000000086500000, 0x0000000086500000| Untracked 
| 102|0x0000000086600000, 0x0000000086600000, 0x0000000086700000|  0%| F|  |TAMS 0x0000000086600000, 0x0000000086600000| Untracked 
| 103|0x0000000086700000, 0x0000000086700000, 0x0000000086800000|  0%| F|  |TAMS 0x0000000086700000, 0x0000000086700000| Untracked 
| 104|0x0000000086800000, 0x0000000086800000, 0x0000000086900000|  0%| F|  |TAMS 0x0000000086800000, 0x0000000086800000| Untracked 
| 105|0x0000000086900000, 0x0000000086900000, 0x0000000086a00000|  0%| F|  |TAMS 0x0000000086900000, 0x0000000086900000| Untracked 
| 106|0x0000000086a00000, 0x0000000086a00000, 0x0000000086b00000|  0%| F|  |TAMS 0x0000000086a00000, 0x0000000086a00000| Untracked 
| 107|0x0000000086b00000, 0x0000000086b00000, 0x0000000086c00000|  0%| F|  |TAMS 0x0000000086b00000, 0x0000000086b00000| Untracked 
| 108|0x0000000086c00000, 0x0000000086c00000, 0x0000000086d00000|  0%| F|  |TAMS 0x0000000086c00000, 0x0000000086c00000| Untracked 
| 109|0x0000000086d00000, 0x0000000086d00000, 0x0000000086e00000|  0%| F|  |TAMS 0x0000000086d00000, 0x0000000086d00000| Untracked 
| 110|0x0000000086e00000, 0x0000000086e00000, 0x0000000086f00000|  0%| F|  |TAMS 0x0000000086e00000, 0x0000000086e00000| Untracked 
| 111|0x0000000086f00000, 0x0000000086f00000, 0x0000000087000000|  0%| F|  |TAMS 0x0000000086f00000, 0x0000000086f00000| Untracked 
| 112|0x0000000087000000, 0x0000000087000000, 0x0000000087100000|  0%| F|  |TAMS 0x0000000087000000, 0x0000000087000000| Untracked 
| 113|0x0000000087100000, 0x0000000087100000, 0x0000000087200000|  0%| F|  |TAMS 0x0000000087100000, 0x0000000087100000| Untracked 
| 114|0x0000000087200000, 0x0000000087200000, 0x0000000087300000|  0%| F|  |TAMS 0x0000000087200000, 0x0000000087200000| Untracked 
| 115|0x0000000087300000, 0x0000000087300000, 0x0000000087400000|  0%| F|  |TAMS 0x0000000087300000, 0x0000000087300000| Untracked 
| 116|0x0000000087400000, 0x0000000087400000, 0x0000000087500000|  0%| F|  |TAMS 0x0000000087400000, 0x0000000087400000| Untracked 
| 117|0x0000000087500000, 0x0000000087500000, 0x0000000087600000|  0%| F|  |TAMS 0x0000000087500000, 0x0000000087500000| Untracked 
| 118|0x0000000087600000, 0x0000000087600000, 0x0000000087700000|  0%| F|  |TAMS 0x0000000087600000, 0x0000000087600000| Untracked 
| 119|0x0000000087700000, 0x0000000087700000, 0x0000000087800000|  0%| F|  |TAMS 0x0000000087700000, 0x0000000087700000| Untracked 
| 120|0x0000000087800000, 0x0000000087800000, 0x0000000087900000|  0%| F|  |TAMS 0x0000000087800000, 0x0000000087800000| Untracked 
| 121|0x0000000087900000, 0x0000000087900000, 0x0000000087a00000|  0%| F|  |TAMS 0x0000000087900000, 0x0000000087900000| Untracked 
| 122|0x0000000087a00000, 0x0000000087a00000, 0x0000000087b00000|  0%| F|  |TAMS 0x0000000087a00000, 0x0000000087a00000| Untracked 
| 123|0x0000000087b00000, 0x0000000087b00000, 0x0000000087c00000|  0%| F|  |TAMS 0x0000000087b00000, 0x0000000087b00000| Untracked 
| 124|0x0000000087c00000, 0x0000000087c00000, 0x0000000087d00000|  0%| F|  |TAMS 0x0000000087c00000, 0x0000000087c00000| Untracked 
| 125|0x0000000087d00000, 0x0000000087d00000, 0x0000000087e00000|  0%| F|  |TAMS 0x0000000087d00000, 0x0000000087d00000| Untracked 
| 126|0x0000000087e00000, 0x0000000087e00000, 0x0000000087f00000|  0%| F|  |TAMS 0x0000000087e00000, 0x0000000087e00000| Untracked 
| 127|0x0000000087f00000, 0x0000000087f00000, 0x0000000088000000|  0%| F|  |TAMS 0x0000000087f00000, 0x0000000087f00000| Untracked 
| 128|0x0000000088000000, 0x0000000088000000, 0x0000000088100000|  0%| F|  |TAMS 0x0000000088000000, 0x0000000088000000| Untracked 
| 129|0x0000000088100000, 0x0000000088100000, 0x0000000088200000|  0%| F|  |TAMS 0x0000000088100000, 0x0000000088100000| Untracked 
| 130|0x0000000088200000, 0x0000000088200000, 0x0000000088300000|  0%| F|  |TAMS 0x0000000088200000, 0x0000000088200000| Untracked 
| 131|0x0000000088300000, 0x0000000088300000, 0x0000000088400000|  0%| F|  |TAMS 0x0000000088300000, 0x0000000088300000| Untracked 
| 132|0x0000000088400000, 0x0000000088400000, 0x0000000088500000|  0%| F|  |TAMS 0x0000000088400000, 0x0000000088400000| Untracked 
| 133|0x0000000088500000, 0x0000000088500000, 0x0000000088600000|  0%| F|  |TAMS 0x0000000088500000, 0x0000000088500000| Untracked 
| 134|0x0000000088600000, 0x000000008864e7a0, 0x0000000088700000| 30%| S|CS|TAMS 0x0000000088600000, 0x0000000088600000| Complete 
| 135|0x0000000088700000, 0x0000000088800000, 0x0000000088800000|100%| S|CS|TAMS 0x0000000088700000, 0x0000000088700000| Complete 
| 136|0x0000000088800000, 0x0000000088900000, 0x0000000088900000|100%| S|CS|TAMS 0x0000000088800000, 0x0000000088800000| Complete 
| 137|0x0000000088900000, 0x0000000088a00000, 0x0000000088a00000|100%| S|CS|TAMS 0x0000000088900000, 0x0000000088900000| Complete 
| 138|0x0000000088a00000, 0x0000000088b00000, 0x0000000088b00000|100%| S|CS|TAMS 0x0000000088a00000, 0x0000000088a00000| Complete 
| 139|0x0000000088b00000, 0x0000000088b00000, 0x0000000088c00000|  0%| F|  |TAMS 0x0000000088b00000, 0x0000000088b00000| Untracked 
| 140|0x0000000088c00000, 0x0000000088c00000, 0x0000000088d00000|  0%| F|  |TAMS 0x0000000088c00000, 0x0000000088c00000| Untracked 
| 141|0x0000000088d00000, 0x0000000088d00000, 0x0000000088e00000|  0%| F|  |TAMS 0x0000000088d00000, 0x0000000088d00000| Untracked 
| 142|0x0000000088e00000, 0x0000000088e00000, 0x0000000088f00000|  0%| F|  |TAMS 0x0000000088e00000, 0x0000000088e00000| Untracked 
| 143|0x0000000088f00000, 0x0000000088f00000, 0x0000000089000000|  0%| F|  |TAMS 0x0000000088f00000, 0x0000000088f00000| Untracked 
| 144|0x0000000089000000, 0x0000000089000000, 0x0000000089100000|  0%| F|  |TAMS 0x0000000089000000, 0x0000000089000000| Untracked 
| 145|0x0000000089100000, 0x0000000089100000, 0x0000000089200000|  0%| F|  |TAMS 0x0000000089100000, 0x0000000089100000| Untracked 
| 146|0x0000000089200000, 0x0000000089200000, 0x0000000089300000|  0%| F|  |TAMS 0x0000000089200000, 0x0000000089200000| Untracked 
| 147|0x0000000089300000, 0x0000000089300000, 0x0000000089400000|  0%| F|  |TAMS 0x0000000089300000, 0x0000000089300000| Untracked 
| 148|0x0000000089400000, 0x0000000089400000, 0x0000000089500000|  0%| F|  |TAMS 0x0000000089400000, 0x0000000089400000| Untracked 
| 149|0x0000000089500000, 0x0000000089500000, 0x0000000089600000|  0%| F|  |TAMS 0x0000000089500000, 0x0000000089500000| Untracked 
| 150|0x0000000089600000, 0x0000000089600000, 0x0000000089700000|  0%| F|  |TAMS 0x0000000089600000, 0x0000000089600000| Untracked 
| 151|0x0000000089700000, 0x0000000089700000, 0x0000000089800000|  0%| F|  |TAMS 0x0000000089700000, 0x0000000089700000| Untracked 
| 152|0x0000000089800000, 0x0000000089800000, 0x0000000089900000|  0%| F|  |TAMS 0x0000000089800000, 0x0000000089800000| Untracked 
| 153|0x0000000089900000, 0x0000000089900000, 0x0000000089a00000|  0%| F|  |TAMS 0x0000000089900000, 0x0000000089900000| Untracked 
| 154|0x0000000089a00000, 0x0000000089a00000, 0x0000000089b00000|  0%| F|  |TAMS 0x0000000089a00000, 0x0000000089a00000| Untracked 

Card table byte_map: [0x0000029e7e510000,0x0000029e7e910000] _byte_map_base: 0x0000029e7e110000

Marking Bits (Prev, Next): (CMBitMap*) 0x0000029e67903a40, (CMBitMap*) 0x0000029e67903a80
 Prev Bits: [0x0000029e00000000, 0x0000029e02000000)
 Next Bits: [0x0000029e02000000, 0x0000029e04000000)

Polling page: 0x0000029e658c0000

Metaspace:

Usage:
  Non-class:     33.68 MB used.
      Class:      5.39 MB used.
       Both:     39.08 MB used.

Virtual space:
  Non-class space:       40.00 MB reserved,      33.88 MB ( 85%) committed,  5 nodes.
      Class space:        1.00 GB reserved,       5.62 MB ( <1%) committed,  1 nodes.
             Both:        1.04 GB reserved,      39.50 MB (  4%) committed. 

Chunk freelists:
   Non-Class:  1.94 MB
       Class:  2.23 MB
        Both:  4.16 MB

MaxMetaspaceSize: unlimited
CompressedClassSpaceSize: 1.00 GB
Initial GC threshold: 21.00 MB
Current GC threshold: 65.31 MB
CDS: on
MetaspaceReclaimPolicy: balanced
 - commit_granule_bytes: 65536.
 - commit_granule_words: 8192.
 - virtual_space_node_default_size: 1048576.
 - enlarge_chunks_in_place: 1.
 - new_chunks_are_fully_committed: 0.
 - uncommit_free_chunks: 1.
 - use_allocation_guard: 0.
 - handle_deallocations: 1.


Internal statistics:

num_allocs_failed_limit: 6.
num_arena_births: 404.
num_arena_deaths: 2.
num_vsnodes_births: 6.
num_vsnodes_deaths: 0.
num_space_committed: 632.
num_space_uncommitted: 0.
num_chunks_returned_to_freelist: 9.
num_chunks_taken_from_freelist: 1890.
num_chunk_merges: 6.
num_chunk_splits: 1256.
num_chunks_enlarged: 891.
num_purges: 2.
num_inconsistent_stats: 0.

CodeHeap 'non-profiled nmethods': size=120000Kb used=3313Kb max_used=3313Kb free=116686Kb
 bounds [0x0000029e76be0000, 0x0000029e76f20000, 0x0000029e7e110000]
CodeHeap 'profiled nmethods': size=120000Kb used=9277Kb max_used=9452Kb free=110722Kb
 bounds [0x0000029e6f6b0000, 0x0000029e6fff0000, 0x0000029e76be0000]
CodeHeap 'non-nmethods': size=5760Kb used=2305Kb max_used=2428Kb free=3454Kb
 bounds [0x0000029e6f110000, 0x0000029e6f390000, 0x0000029e6f6b0000]
 total_blobs=5456 nmethods=4640 adapters=728
 compilation: enabled
              stopped_count=0, restarted_count=0
 full_count=0

Compilation events (20 events):
Event: 22.240 Thread 0x0000029e075e8d00 nmethod 5375 0x0000029e76f10010 code [0x0000029e76f101a0, 0x0000029e76f10388]
Event: 22.240 Thread 0x0000029e075e8d00 5376       4       org.objectweb.asm.SymbolTable::addConstant (330 bytes)
Event: 22.360 Thread 0x0000029e075e8d00 nmethod 5376 0x0000029e76f10590 code [0x0000029e76f10960, 0x0000029e76f140d0]
Event: 22.360 Thread 0x0000029e075e8d00 5397       4       org.objectweb.asm.ClassReader::readElementValues (88 bytes)
Event: 22.365 Thread 0x0000029e075e8d00 nmethod 5397 0x0000029e76f15a10 code [0x0000029e76f15bc0, 0x0000029e76f15f28]
Event: 22.365 Thread 0x0000029e075e8d00 5398       4       java.util.StringTokenizer::nextToken (92 bytes)
Event: 22.384 Thread 0x0000029e075e8d00 nmethod 5398 0x0000029e76f16310 code [0x0000029e76f164c0, 0x0000029e76f17358]
Event: 22.384 Thread 0x0000029e075e8d00 5266       4       org.gradle.internal.classpath.InstrumentingTransformer$InstrumentingMethodVisitor::visitMethodInsn (31 bytes)
Event: 22.385 Thread 0x0000029e075e8d00 nmethod 5266 0x0000029e76f17810 code [0x0000029e76f179a0, 0x0000029e76f17a98]
Event: 22.385 Thread 0x0000029e075e8d00 5254       4       org.objectweb.asm.MethodVisitor::visitLocalVariable (24 bytes)
Event: 22.388 Thread 0x0000029e075e8d00 nmethod 5254 0x0000029e76f17b90 code [0x0000029e76f17d60, 0x0000029e76f17fc0]
Event: 22.388 Thread 0x0000029e075e8d00 5258       4       org.objectweb.asm.Label::addLineNumber (89 bytes)
Event: 22.393 Thread 0x0000029e075e8d00 nmethod 5258 0x0000029e76f18290 code [0x0000029e76f18420, 0x0000029e76f18a78]
Event: 22.394 Thread 0x0000029e075e8d00 5268       4       org.objectweb.asm.ClassReader::readShort (27 bytes)
Event: 22.394 Thread 0x0000029e075e8d00 nmethod 5268 0x0000029e76f18c10 code [0x0000029e76f18d80, 0x0000029e76f18e78]
Event: 22.394 Thread 0x0000029e075e8d00 5270       4       org.objectweb.asm.MethodVisitor::visitJumpInsn (17 bytes)
Event: 22.396 Thread 0x0000029e075e8d00 nmethod 5270 0x0000029e76f18f90 code [0x0000029e76f19140, 0x0000029e76f192c8]
Event: 22.396 Thread 0x0000029e075e8d00 5395       4       org.gradle.internal.classpath.InstrumentingBackwardsCompatibilityVisitor::fixAsmObjectForBackwardsCompatibility (44 bytes)
Event: 22.442 Thread 0x0000029e075e8d00 nmethod 5395 0x0000029e76f19490 code [0x0000029e76f19720, 0x0000029e76f1b708]
Event: 22.442 Thread 0x0000029e075e8d00 5404       4       org.gradle.internal.classpath.InstrumentingBackwardsCompatibilityVisitor$BackwardCompatibilityMethodVisitor::visitLdcInsn (11 bytes)

GC Heap History (20 events):
Event: 18.306 GC heap after
{Heap after GC invocations=14 (full 0):
 garbage-first heap   total 129024K, used 64354K [0x0000000080000000, 0x0000000100000000)
  region size 1024K, 2 young (2048K), 2 survivors (2048K)
 Metaspace       used 39688K, committed 40128K, reserved 1089536K
  class space    used 5515K, committed 5760K, reserved 1048576K
}
Event: 18.394 GC heap before
{Heap before GC invocations=15 (full 0):
 garbage-first heap   total 132096K, used 84834K [0x0000000080000000, 0x0000000100000000)
  region size 1024K, 16 young (16384K), 2 survivors (2048K)
 Metaspace       used 39704K, committed 40128K, reserved 1089536K
  class space    used 5518K, committed 5760K, reserved 1048576K
}
Event: 18.398 GC heap after
{Heap after GC invocations=16 (full 0):
 garbage-first heap   total 158720K, used 64251K [0x0000000080000000, 0x0000000100000000)
  region size 1024K, 2 young (2048K), 2 survivors (2048K)
 Metaspace       used 39704K, committed 40128K, reserved 1089536K
  class space    used 5518K, committed 5760K, reserved 1048576K
}
Event: 19.321 GC heap before
{Heap before GC invocations=16 (full 0):
 garbage-first heap   total 158720K, used 132859K [0x0000000080000000, 0x0000000100000000)
  region size 1024K, 63 young (64512K), 2 survivors (2048K)
 Metaspace       used 40003K, committed 40448K, reserved 1089536K
  class space    used 5521K, committed 5760K, reserved 1048576K
}
Event: 19.324 GC heap after
{Heap after GC invocations=17 (full 0):
 garbage-first heap   total 158720K, used 73062K [0x0000000080000000, 0x0000000100000000)
  region size 1024K, 4 young (4096K), 4 survivors (4096K)
 Metaspace       used 40003K, committed 40448K, reserved 1089536K
  class space    used 5521K, committed 5760K, reserved 1048576K
}
Event: 19.977 GC heap before
{Heap before GC invocations=17 (full 0):
 garbage-first heap   total 158720K, used 132454K [0x0000000080000000, 0x0000000100000000)
  region size 1024K, 60 young (61440K), 4 survivors (4096K)
 Metaspace       used 40004K, committed 40448K, reserved 1089536K
  class space    used 5521K, committed 5760K, reserved 1048576K
}
Event: 19.981 GC heap after
{Heap after GC invocations=18 (full 0):
 garbage-first heap   total 158720K, used 72975K [0x0000000080000000, 0x0000000100000000)
  region size 1024K, 4 young (4096K), 4 survivors (4096K)
 Metaspace       used 40004K, committed 40448K, reserved 1089536K
  class space    used 5521K, committed 5760K, reserved 1048576K
}
Event: 20.647 GC heap before
{Heap before GC invocations=18 (full 0):
 garbage-first heap   total 158720K, used 132367K [0x0000000080000000, 0x0000000100000000)
  region size 1024K, 62 young (63488K), 4 survivors (4096K)
 Metaspace       used 40007K, committed 40448K, reserved 1089536K
  class space    used 5521K, committed 5760K, reserved 1048576K
}
Event: 20.653 GC heap after
{Heap after GC invocations=19 (full 0):
 garbage-first heap   total 158720K, used 73318K [0x0000000080000000, 0x0000000100000000)
  region size 1024K, 4 young (4096K), 4 survivors (4096K)
 Metaspace       used 40007K, committed 40448K, reserved 1089536K
  class space    used 5521K, committed 5760K, reserved 1048576K
}
Event: 21.008 GC heap before
{Heap before GC invocations=19 (full 0):
 garbage-first heap   total 158720K, used 132710K [0x0000000080000000, 0x0000000100000000)
  region size 1024K, 63 young (64512K), 4 survivors (4096K)
 Metaspace       used 40007K, committed 40448K, reserved 1089536K
  class space    used 5521K, committed 5760K, reserved 1048576K
}
Event: 21.012 GC heap after
{Heap after GC invocations=20 (full 0):
 garbage-first heap   total 158720K, used 73570K [0x0000000080000000, 0x0000000100000000)
  region size 1024K, 4 young (4096K), 4 survivors (4096K)
 Metaspace       used 40007K, committed 40448K, reserved 1089536K
  class space    used 5521K, committed 5760K, reserved 1048576K
}
Event: 21.429 GC heap before
{Heap before GC invocations=20 (full 0):
 garbage-first heap   total 158720K, used 135010K [0x0000000080000000, 0x0000000100000000)
  region size 1024K, 64 young (65536K), 4 survivors (4096K)
 Metaspace       used 40012K, committed 40448K, reserved 1089536K
  class space    used 5522K, committed 5760K, reserved 1048576K
}
Event: 21.433 GC heap after
{Heap after GC invocations=21 (full 0):
 garbage-first heap   total 158720K, used 74331K [0x0000000080000000, 0x0000000100000000)
  region size 1024K, 5 young (5120K), 5 survivors (5120K)
 Metaspace       used 40012K, committed 40448K, reserved 1089536K
  class space    used 5522K, committed 5760K, reserved 1048576K
}
Event: 21.816 GC heap before
{Heap before GC invocations=21 (full 0):
 garbage-first heap   total 158720K, used 135771K [0x0000000080000000, 0x0000000100000000)
  region size 1024K, 65 young (66560K), 5 survivors (5120K)
 Metaspace       used 40013K, committed 40448K, reserved 1089536K
  class space    used 5522K, committed 5760K, reserved 1048576K
}
Event: 21.822 GC heap after
{Heap after GC invocations=22 (full 0):
 garbage-first heap   total 158720K, used 74594K [0x0000000080000000, 0x0000000100000000)
  region size 1024K, 5 young (5120K), 5 survivors (5120K)
 Metaspace       used 40013K, committed 40448K, reserved 1089536K
  class space    used 5522K, committed 5760K, reserved 1048576K
}
Event: 22.212 GC heap before
{Heap before GC invocations=22 (full 0):
 garbage-first heap   total 158720K, used 137058K [0x0000000080000000, 0x0000000100000000)
  region size 1024K, 66 young (67584K), 5 survivors (5120K)
 Metaspace       used 40013K, committed 40448K, reserved 1089536K
  class space    used 5522K, committed 5760K, reserved 1048576K
}
Event: 22.216 GC heap after
{Heap after GC invocations=23 (full 0):
 garbage-first heap   total 158720K, used 74767K [0x0000000080000000, 0x0000000100000000)
  region size 1024K, 6 young (6144K), 6 survivors (6144K)
 Metaspace       used 40013K, committed 40448K, reserved 1089536K
  class space    used 5522K, committed 5760K, reserved 1048576K
}
Event: 22.417 GC heap before
{Heap before GC invocations=23 (full 0):
 garbage-first heap   total 158720K, used 135183K [0x0000000080000000, 0x0000000100000000)
  region size 1024K, 65 young (66560K), 6 survivors (6144K)
 Metaspace       used 40014K, committed 40448K, reserved 1089536K
  class space    used 5522K, committed 5760K, reserved 1048576K
}
Event: 22.425 GC heap after
{Heap after GC invocations=24 (full 0):
 garbage-first heap   total 158720K, used 74995K [0x0000000080000000, 0x0000000100000000)
  region size 1024K, 4 young (4096K), 4 survivors (4096K)
 Metaspace       used 40014K, committed 40448K, reserved 1089536K
  class space    used 5522K, committed 5760K, reserved 1048576K
}
Event: 22.455 GC heap before
{Heap before GC invocations=24 (full 0):
 garbage-first heap   total 158720K, used 90355K [0x0000000080000000, 0x0000000100000000)
  region size 1024K, 20 young (20480K), 4 survivors (4096K)
 Metaspace       used 40014K, committed 40448K, reserved 1089536K
  class space    used 5522K, committed 5760K, reserved 1048576K
}

Deoptimization events (20 events):
Event: 21.914 Thread 0x0000029e06456470 DEOPT PACKING pc=0x0000029e6fe66bff sp=0x000000e438afdd20
Event: 21.914 Thread 0x0000029e06456470 DEOPT UNPACKING pc=0x0000029e6f162b43 sp=0x000000e438afd430 mode 0
Event: 21.938 Thread 0x0000029e7f1cd730 DEOPT PACKING pc=0x0000029e6fe66bff sp=0x000000e438bfe340
Event: 21.938 Thread 0x0000029e7f1cd730 DEOPT UNPACKING pc=0x0000029e6f162b43 sp=0x000000e438bfda50 mode 0
Event: 21.943 Thread 0x0000029e7f1cd730 DEOPT PACKING pc=0x0000029e6fe66bff sp=0x000000e438bfe340
Event: 21.943 Thread 0x0000029e7f1cd730 DEOPT UNPACKING pc=0x0000029e6f162b43 sp=0x000000e438bfda50 mode 0
Event: 21.946 Thread 0x0000029e06456470 DEOPT PACKING pc=0x0000029e6fe66bff sp=0x000000e438afdd20
Event: 21.946 Thread 0x0000029e06456470 DEOPT UNPACKING pc=0x0000029e6f162b43 sp=0x000000e438afd430 mode 0
Event: 22.015 Thread 0x0000029e7f1cd730 DEOPT PACKING pc=0x0000029e6fe66bff sp=0x000000e438bfe340
Event: 22.015 Thread 0x0000029e7f1cd730 DEOPT UNPACKING pc=0x0000029e6f162b43 sp=0x000000e438bfda50 mode 0
Event: 22.024 Thread 0x0000029e06456470 DEOPT PACKING pc=0x0000029e6fe66bff sp=0x000000e438afdd20
Event: 22.024 Thread 0x0000029e06456470 DEOPT UNPACKING pc=0x0000029e6f162b43 sp=0x000000e438afd430 mode 0
Event: 22.034 Thread 0x0000029e06456470 DEOPT PACKING pc=0x0000029e6fe66bff sp=0x000000e438afdd20
Event: 22.034 Thread 0x0000029e06456470 DEOPT UNPACKING pc=0x0000029e6f162b43 sp=0x000000e438afd430 mode 0
Event: 22.044 Thread 0x0000029e06456470 DEOPT PACKING pc=0x0000029e6fe66bff sp=0x000000e438afdd20
Event: 22.044 Thread 0x0000029e06456470 DEOPT UNPACKING pc=0x0000029e6f162b43 sp=0x000000e438afd430 mode 0
Event: 22.053 Thread 0x0000029e7f1cd730 DEOPT PACKING pc=0x0000029e6fe66bff sp=0x000000e438bfe340
Event: 22.053 Thread 0x0000029e7f1cd730 DEOPT UNPACKING pc=0x0000029e6f162b43 sp=0x000000e438bfda50 mode 0
Event: 22.123 Thread 0x0000029e06456470 DEOPT PACKING pc=0x0000029e6fe66bff sp=0x000000e438afdd20
Event: 22.123 Thread 0x0000029e06456470 DEOPT UNPACKING pc=0x0000029e6f162b43 sp=0x000000e438afd430 mode 0

Classes unloaded (2 events):
Event: 16.834 Thread 0x0000029e7f172930 Unloading class 0x00000008010b4530 '_BuildScript_$_run_closure1'
Event: 16.834 Thread 0x0000029e7f172930 Unloading class 0x00000008010b4000 '_BuildScript_'

Classes redefined (0 events):
No events

Internal exceptions (20 events):
Event: 17.783 Thread 0x0000029e0708a810 Exception <a 'java/lang/ClassNotFoundException'{0x000000008693dd08}: sync_studio_tooling_83nahl5h3y7tdhzyzydjtju5fCustomizer> (0x000000008693dd08) 
thrown [t:\workspace\open\src\hotspot\share\classfile\systemDictionary.cpp, line 256]
Event: 17.792 Thread 0x0000029e0708a810 Exception <a 'java/lang/ClassNotFoundException'{0x0000000086989e28}: org/gradle/internal/metaobject/ConfigureDelegateBeanInfo> (0x0000000086989e28) 
thrown [t:\workspace\open\src\hotspot\share\classfile\systemDictionary.cpp, line 256]
Event: 17.793 Thread 0x0000029e0708a810 Exception <a 'java/lang/ClassNotFoundException'{0x0000000086999488}: org/gradle/internal/metaobject/ConfigureDelegateCustomizer> (0x0000000086999488) 
thrown [t:\workspace\open\src\hotspot\share\classfile\systemDictionary.cpp, line 256]
Event: 17.799 Thread 0x0000029e0708a810 Exception <a 'java/lang/ClassNotFoundException'{0x00000000869ea6a8}: org/gradle/api/internal/initialization/DefaultScriptHandlerBeanInfo> (0x00000000869ea6a8) 
thrown [t:\workspace\open\src\hotspot\share\classfile\systemDictionary.cpp, line 256]
Event: 17.800 Thread 0x0000029e0708a810 Exception <a 'java/lang/ClassNotFoundException'{0x00000000869faad8}: org/gradle/api/internal/initialization/DefaultScriptHandlerCustomizer> (0x00000000869faad8) 
thrown [t:\workspace\open\src\hotspot\share\classfile\systemDictionary.cpp, line 256]
Event: 17.976 Thread 0x0000029e0708a810 Exception <a 'java/lang/ClassNotFoundException'{0x0000000086227260}: org/gradle/api/internal/artifacts/dsl/dependencies/DefaultDependencyHandler_DecoratedBeanInfo> (0x0000000086227260) 
thrown [t:\workspace\open\src\hotspot\share\classfile\systemDictionary.cpp, line 256]
Event: 17.977 Thread 0x0000029e0708a810 Exception <a 'java/lang/ClassNotFoundException'{0x000000008623c088}: org/gradle/api/internal/artifacts/dsl/dependencies/DefaultDependencyHandlerBeanInfo> (0x000000008623c088) 
thrown [t:\workspace\open\src\hotspot\share\classfile\systemDictionary.cpp, line 256]
Event: 17.978 Thread 0x0000029e0708a810 Exception <a 'java/lang/ClassNotFoundException'{0x0000000086250e70}: org/gradle/api/internal/artifacts/dsl/dependencies/DefaultDependencyHandlerCustomizer> (0x0000000086250e70) 
thrown [t:\workspace\open\src\hotspot\share\classfile\systemDictionary.cpp, line 256]
Event: 17.982 Thread 0x0000029e0708a810 Exception <a 'java/lang/ClassNotFoundException'{0x000000008628d470}: org/gradle/api/internal/artifacts/dsl/dependencies/DefaultDependencyHandler_DecoratedCustomizer> (0x000000008628d470) 
thrown [t:\workspace\open\src\hotspot\share\classfile\systemDictionary.cpp, line 256]
Event: 17.987 Thread 0x0000029e0708a810 Exception <a 'java/lang/ClassNotFoundException'{0x00000000862cdb80}: sync_studio_tooling_83nahl5h3y7tdhzyzydjtju5f$_run_closure1BeanInfo> (0x00000000862cdb80) 
thrown [t:\workspace\open\src\hotspot\share\classfile\systemDictionary.cpp, line 256]
Event: 17.988 Thread 0x0000029e0708a810 Exception <a 'java/lang/ClassNotFoundException'{0x00000000862d4b60}: sync_studio_tooling_83nahl5h3y7tdhzyzydjtju5f$_run_closure1Customizer> (0x00000000862d4b60) 
thrown [t:\workspace\open\src\hotspot\share\classfile\systemDictionary.cpp, line 256]
Event: 18.051 Thread 0x0000029e0708a810 Exception <a 'java/lang/NoSuchMethodError'{0x00000000860dcdd8}: 'java.lang.Object java.lang.invoke.DirectMethodHandle$Holder.newInvokeSpecial(java.lang.Object, int, java.lang.Object)'> (0x00000000860dcdd8) 
thrown [t:\workspace\open\src\hotspot\share\interpreter\linkResolver.cpp, line 766]
Event: 18.165 Thread 0x0000029e0708a810 Exception <a 'java/lang/NoSuchMethodError'{0x0000000085b6bf68}: 'int java.lang.invoke.DirectMethodHandle$Holder.invokeInterface(java.lang.Object, java.lang.Object)'> (0x0000000085b6bf68) 
thrown [t:\workspace\open\src\hotspot\share\interpreter\linkResolver.cpp, line 766]
Event: 18.166 Thread 0x0000029e0708a810 Exception <a 'java/lang/IncompatibleClassChangeError'{0x0000000085b70240}: Found class java.lang.Object, but interface was expected> (0x0000000085b70240) 
thrown [t:\workspace\open\src\hotspot\share\interpreter\linkResolver.cpp, line 833]
Event: 18.166 Thread 0x0000029e0708a810 Exception <a 'java/lang/NoSuchMethodError'{0x0000000085b77c70}: 'int java.lang.invoke.DirectMethodHandle$Holder.invokeSpecialIFC(java.lang.Object, java.lang.Object, java.lang.Object, java.lang.Object, java.lang.Object)'> (0x0000000085b77c70) 
thrown [t:\workspace\open\src\hotspot\share\interpreter\linkResolver.cpp, line 766]
Event: 18.270 Thread 0x0000029e0708a810 Exception <a 'java/lang/NoSuchMethodError'{0x0000000087c678b0}: 'java.lang.Object java.lang.invoke.DirectMethodHandle$Holder.newInvokeSpecial(java.lang.Object, java.lang.Object, int)'> (0x0000000087c678b0) 
thrown [t:\workspace\open\src\hotspot\share\interpreter\linkResolver.cpp, line 766]
Event: 18.291 Thread 0x0000029e0708a810 Exception <a 'java/lang/NoSuchMethodError'{0x0000000087bbd4d0}: 'int java.lang.invoke.DirectMethodHandle$Holder.invokeStatic(java.lang.Object)'> (0x0000000087bbd4d0) 
thrown [t:\workspace\open\src\hotspot\share\interpreter\linkResolver.cpp, line 766]
Event: 18.291 Thread 0x0000029e0708a810 Exception <a 'java/lang/NoSuchMethodError'{0x0000000087bc18c0}: 'int java.lang.invoke.DirectMethodHandle$Holder.invokeStaticInit(java.lang.Object)'> (0x0000000087bc18c0) 
thrown [t:\workspace\open\src\hotspot\share\interpreter\linkResolver.cpp, line 766]
Event: 18.394 Thread 0x0000029e7f1cd730 Exception <a 'sun/nio/fs/WindowsException'{0x0000000087a85f68}> (0x0000000087a85f68) 
thrown [t:\workspace\open\src\hotspot\share\prims\jni.cpp, line 516]
Event: 18.394 Thread 0x0000029e06456470 Exception <a 'sun/nio/fs/WindowsException'{0x000000008713eb90}> (0x000000008713eb90) 
thrown [t:\workspace\open\src\hotspot\share\prims\jni.cpp, line 516]

VM Operations (20 events):
Event: 18.389 Executing VM operation: G1Concurrent done
Event: 18.394 Executing VM operation: G1TryInitiateConcMark
Event: 18.398 Executing VM operation: G1TryInitiateConcMark done
Event: 19.309 Executing VM operation: G1CollectForAllocation
Event: 19.333 Executing VM operation: G1CollectForAllocation done
Event: 19.965 Executing VM operation: G1CollectForAllocation
Event: 19.983 Executing VM operation: G1CollectForAllocation done
Event: 20.617 Executing VM operation: G1CollectForAllocation
Event: 20.654 Executing VM operation: G1CollectForAllocation done
Event: 21.008 Executing VM operation: G1CollectForAllocation
Event: 21.012 Executing VM operation: G1CollectForAllocation done
Event: 21.429 Executing VM operation: G1CollectForAllocation
Event: 21.433 Executing VM operation: G1CollectForAllocation done
Event: 21.808 Executing VM operation: G1CollectForAllocation
Event: 21.824 Executing VM operation: G1CollectForAllocation done
Event: 22.212 Executing VM operation: G1CollectForAllocation
Event: 22.217 Executing VM operation: G1CollectForAllocation done
Event: 22.417 Executing VM operation: G1CollectForAllocation
Event: 22.427 Executing VM operation: G1CollectForAllocation done
Event: 22.455 Executing VM operation: G1TryInitiateConcMark

Events (20 events):
Event: 17.220 Thread 0x0000029e7f19fea0 flushing nmethod 0x0000029e6fedbd10
Event: 17.220 Thread 0x0000029e7f19fea0 flushing nmethod 0x0000029e6fefa390
Event: 17.220 Thread 0x0000029e7f19fea0 flushing nmethod 0x0000029e6ff08010
Event: 17.220 Thread 0x0000029e7f19fea0 flushing nmethod 0x0000029e6ff14710
Event: 17.220 Thread 0x0000029e7f19fea0 flushing nmethod 0x0000029e6ff23f90
Event: 17.220 Thread 0x0000029e7f19fea0 flushing nmethod 0x0000029e6ff33510
Event: 17.478 loading class java/util/stream/ReduceOps$5
Event: 17.478 loading class java/util/stream/ReduceOps$5 done
Event: 17.478 loading class java/util/stream/ReduceOps$CountingSink$OfRef
Event: 17.478 loading class java/util/stream/ReduceOps$CountingSink$OfRef done
Event: 18.164 loading class java/util/Collections$ReverseComparator
Event: 18.164 loading class java/util/Collections$ReverseComparator done
Event: 18.164 loading class java/util/Comparators$NaturalOrderComparator
Event: 18.164 loading class java/util/Comparators$NaturalOrderComparator done
Event: 18.165 loading class java/util/Collections$ReverseComparator2
Event: 18.165 loading class java/util/Collections$ReverseComparator2 done
Event: 18.245 loading class java/io/DeleteOnExitHook
Event: 18.245 loading class java/io/DeleteOnExitHook done
Event: 18.245 loading class java/io/DeleteOnExitHook$1
Event: 18.245 loading class java/io/DeleteOnExitHook$1 done


Dynamic libraries:
0x00007ff7981a0000 - 0x00007ff7981ae000 	C:\jdk-17.0.2\bin\java.exe
0x00007ffa780c0000 - 0x00007ffa782c9000 	C:\Windows\SYSTEM32\ntdll.dll
0x00007ffa76ad0000 - 0x00007ffa76b8e000 	C:\Windows\System32\KERNEL32.DLL
0x00007ffa75910000 - 0x00007ffa75c93000 	C:\Windows\System32\KERNELBASE.dll
0x00007ffa75ca0000 - 0x00007ffa75db1000 	C:\Windows\System32\ucrtbase.dll
0x00007ffa68850000 - 0x00007ffa68868000 	C:\jdk-17.0.2\bin\jli.dll
0x00007ffa683c0000 - 0x00007ffa683da000 	C:\jdk-17.0.2\bin\VCRUNTIME140.dll
0x00007ffa76b90000 - 0x00007ffa76d3d000 	C:\Windows\System32\USER32.dll
0x00007ffa75f00000 - 0x00007ffa75f26000 	C:\Windows\System32\win32u.dll
0x00007ffa76d40000 - 0x00007ffa76d69000 	C:\Windows\System32\GDI32.dll
0x00007ffa75570000 - 0x00007ffa7568a000 	C:\Windows\System32\gdi32full.dll
0x00007ffa75870000 - 0x00007ffa7590d000 	C:\Windows\System32\msvcp_win.dll
0x00007ffa5ac70000 - 0x00007ffa5af15000 	C:\Windows\WinSxS\amd64_microsoft.windows.common-controls_6595b64144ccf1df_6.0.22000.120_none_9d947278b86cc467\COMCTL32.dll
0x00007ffa773c0000 - 0x00007ffa77463000 	C:\Windows\System32\msvcrt.dll
0x00007ffa77650000 - 0x00007ffa77681000 	C:\Windows\System32\IMM32.DLL
0x00007ffa69fd0000 - 0x00007ffa69fdc000 	C:\jdk-17.0.2\bin\vcruntime140_1.dll
0x00007ffa5e1d0000 - 0x00007ffa5e25d000 	C:\jdk-17.0.2\bin\msvcp140.dll
0x00007ffa22790000 - 0x00007ffa23351000 	C:\jdk-17.0.2\bin\server\jvm.dll
0x00007ffa776a0000 - 0x00007ffa7774e000 	C:\Windows\System32\ADVAPI32.dll
0x00007ffa77d50000 - 0x00007ffa77dee000 	C:\Windows\System32\sechost.dll
0x00007ffa76e20000 - 0x00007ffa76f41000 	C:\Windows\System32\RPCRT4.dll
0x00007ffa77690000 - 0x00007ffa77698000 	C:\Windows\System32\PSAPI.DLL
0x00007ffa70e20000 - 0x00007ffa70e29000 	C:\Windows\SYSTEM32\WSOCK32.dll
0x00007ffa6f580000 - 0x00007ffa6f58a000 	C:\Windows\SYSTEM32\VERSION.dll
0x00007ffa77f80000 - 0x00007ffa77fef000 	C:\Windows\System32\WS2_32.dll
0x00007ffa70600000 - 0x00007ffa70633000 	C:\Windows\SYSTEM32\WINMM.dll
0x00007ffa745f0000 - 0x00007ffa74608000 	C:\Windows\SYSTEM32\kernel.appcore.dll
0x00007ffa689b0000 - 0x00007ffa689ba000 	C:\jdk-17.0.2\bin\jimage.dll
0x00007ffa6eb60000 - 0x00007ffa6ed81000 	C:\Windows\SYSTEM32\DBGHELP.DLL
0x00007ffa6ea70000 - 0x00007ffa6eaa1000 	C:\Windows\SYSTEM32\dbgcore.DLL
0x00007ffa75e80000 - 0x00007ffa75eff000 	C:\Windows\System32\bcryptPrimitives.dll
0x00007ffa66cf0000 - 0x00007ffa66d15000 	C:\jdk-17.0.2\bin\java.dll
0x00007ffa4ccf0000 - 0x00007ffa4cdc6000 	C:\jdk-17.0.2\bin\jsvml.dll
0x00007ffa76300000 - 0x00007ffa76ac5000 	C:\Windows\System32\SHELL32.dll
0x00007ffa73650000 - 0x00007ffa73eb4000 	C:\Windows\SYSTEM32\windows.storage.dll
0x00007ffa779d0000 - 0x00007ffa77d46000 	C:\Windows\System32\combase.dll
0x00007ffa734e0000 - 0x00007ffa73647000 	C:\Windows\SYSTEM32\wintypes.dll
0x00007ffa77560000 - 0x00007ffa7764a000 	C:\Windows\System32\SHCORE.dll
0x00007ffa77500000 - 0x00007ffa7755d000 	C:\Windows\System32\shlwapi.dll
0x00007ffa754a0000 - 0x00007ffa754c1000 	C:\Windows\SYSTEM32\profapi.dll
0x00007ffa67570000 - 0x00007ffa67589000 	C:\jdk-17.0.2\bin\net.dll
0x00007ffa6fe60000 - 0x00007ffa6ff72000 	C:\Windows\SYSTEM32\WINHTTP.dll
0x00007ffa74a90000 - 0x00007ffa74af7000 	C:\Windows\system32\mswsock.dll
0x00007ffa67470000 - 0x00007ffa67486000 	C:\jdk-17.0.2\bin\nio.dll
0x00007ffa66c70000 - 0x00007ffa66c88000 	C:\jdk-17.0.2\bin\zip.dll
0x00007ffa686d0000 - 0x00007ffa686e0000 	C:\jdk-17.0.2\bin\verify.dll
0x00007ffa68430000 - 0x00007ffa68457000 	D:\Android\.gradle\jdks\native\e1d6ef7f7dcc3fd88c89a11ec53ec762bb8ba0a96d01ffa2cd45eb1d1d8dd5c5\windows-amd64\native-platform.dll
0x00007ffa35780000 - 0x00007ffa358c4000 	D:\Android\.gradle\jdks\native\5664cfc778a61ccfe75a443a1ab52a65af34e5dc3c78e0209fed803814484fcb\windows-amd64\native-platform-file-events.dll
0x00007ffa67070000 - 0x00007ffa67079000 	C:\jdk-17.0.2\bin\management.dll
0x00007ffa67010000 - 0x00007ffa6701b000 	C:\jdk-17.0.2\bin\management_ext.dll
0x00007ffa74ce0000 - 0x00007ffa74cf8000 	C:\Windows\SYSTEM32\CRYPTSP.dll
0x00007ffa74550000 - 0x00007ffa74585000 	C:\Windows\system32\rsaenh.dll
0x00007ffa74b90000 - 0x00007ffa74bb9000 	C:\Windows\SYSTEM32\USERENV.dll
0x00007ffa74e60000 - 0x00007ffa74e87000 	C:\Windows\SYSTEM32\bcrypt.dll
0x00007ffa74d00000 - 0x00007ffa74d0c000 	C:\Windows\SYSTEM32\CRYPTBASE.dll
0x00007ffa74150000 - 0x00007ffa7417d000 	C:\Windows\SYSTEM32\IPHLPAPI.DLL
0x00007ffa77470000 - 0x00007ffa77479000 	C:\Windows\System32\NSI.dll
0x00007ffa6fd80000 - 0x00007ffa6fd99000 	C:\Windows\SYSTEM32\dhcpcsvc6.DLL
0x00007ffa70330000 - 0x00007ffa7034e000 	C:\Windows\SYSTEM32\dhcpcsvc.DLL
0x00007ffa741d0000 - 0x00007ffa742b8000 	C:\Windows\SYSTEM32\DNSAPI.dll
0x00007ffa66f70000 - 0x00007ffa66f7e000 	C:\jdk-17.0.2\bin\sunmscapi.dll
0x00007ffa75700000 - 0x00007ffa75862000 	C:\Windows\System32\CRYPT32.dll
0x00007ffa74e30000 - 0x00007ffa74e5a000 	C:\Windows\SYSTEM32\ncrypt.dll
0x00007ffa74df0000 - 0x00007ffa74e27000 	C:\Windows\SYSTEM32\NTASN1.dll
0x00007ffa670c0000 - 0x00007ffa670c8000 	C:\Windows\system32\wshunix.dll

dbghelp: loaded successfully - version: 4.0.5 - missing functions: none
symbol engine: initialized successfully - sym options: 0x614 - pdb path: .;C:\jdk-17.0.2\bin;C:\Windows\SYSTEM32;C:\Windows\WinSxS\amd64_microsoft.windows.common-controls_6595b64144ccf1df_6.0.22000.120_none_9d947278b86cc467;C:\jdk-17.0.2\bin\server;D:\Android\.gradle\jdks\native\e1d6ef7f7dcc3fd88c89a11ec53ec762bb8ba0a96d01ffa2cd45eb1d1d8dd5c5\windows-amd64;D:\Android\.gradle\jdks\native\5664cfc778a61ccfe75a443a1ab52a65af34e5dc3c78e0209fed803814484fcb\windows-amd64

VM Arguments:
jvm_args: --add-opens=java.base/java.util=ALL-UNNAMED --add-opens=java.base/java.lang=ALL-UNNAMED --add-opens=java.base/java.lang.invoke=ALL-UNNAMED --add-opens=java.base/java.util=ALL-UNNAMED --add-opens=java.prefs/java.util.prefs=ALL-UNNAMED --add-opens=java.prefs/java.util.prefs=ALL-UNNAMED --add-opens=java.base/java.nio.charset=ALL-UNNAMED --add-opens=java.base/java.net=ALL-UNNAMED --add-opens=java.base/java.util.concurrent.atomic=ALL-UNNAMED -Xmx2048m -Dfile.encoding=UTF-8 -Duser.country=US -Duser.language=en -Duser.variant 
java_command: org.gradle.launcher.daemon.bootstrap.GradleDaemon 7.3.3
java_class_path (initial): D:\Android\.gradle\jdks\wrapper\dists\gradle-7.3.3-bin\6a41zxkdtcxs8rphpq6y0069z\gradle-7.3.3\lib\gradle-launcher-7.3.3.jar
Launcher Type: SUN_STANDARD

[Global flags]
     intx CICompilerCount                          = 3                                         {product} {ergonomic}
     uint ConcGCThreads                            = 1                                         {product} {ergonomic}
     uint G1ConcRefinementThreads                  = 4                                         {product} {ergonomic}
   size_t G1HeapRegionSize                         = 1048576                                   {product} {ergonomic}
    uintx GCDrainStackTargetSize                   = 64                                        {product} {ergonomic}
   size_t InitialHeapSize                          = 132120576                                 {product} {ergonomic}
   size_t MarkStackSize                            = 4194304                                   {product} {ergonomic}
   size_t MaxHeapSize                              = 2147483648                                {product} {command line}
   size_t MaxNewSize                               = 1287651328                                {product} {ergonomic}
   size_t MinHeapDeltaBytes                        = 1048576                                   {product} {ergonomic}
   size_t MinHeapSize                              = 8388608                                   {product} {ergonomic}
    uintx NonNMethodCodeHeapSize                   = 5832780                                {pd product} {ergonomic}
    uintx NonProfiledCodeHeapSize                  = 122912730                              {pd product} {ergonomic}
    uintx ProfiledCodeHeapSize                     = 122912730                              {pd product} {ergonomic}
    uintx ReservedCodeCacheSize                    = 251658240                              {pd product} {ergonomic}
     bool SegmentedCodeCache                       = true                                      {product} {ergonomic}
   size_t SoftMaxHeapSize                          = 2147483648                             {manageable} {ergonomic}
     bool UseCompressedClassPointers               = true                           {product lp64_product} {ergonomic}
     bool UseCompressedOops                        = true                           {product lp64_product} {ergonomic}
     bool UseG1GC                                  = true                                      {product} {ergonomic}
     bool UseLargePagesIndividualAllocation        = false                                  {pd product} {ergonomic}

Logging:
Log output configuration:
 #0: stdout all=warning uptime,level,tags
 #1: stderr all=off uptime,level,tags

Environment Variables:
PATH=C:\jdk-17.0.2\bin;C:\Windows\system32;C:\Windows;C:\Windows\System32\Wbem;C:\Windows\System32\WindowsPowerShell\v1.0\;C:\Windows\System32\OpenSSH\;D:\Flutter\flutter\bin;C:\Program Files\dotnet\;C:\Program Files\Microsoft SQL Server\150\Tools\Binn\;C:\Program Files\PuTTY\;C:\Program Files\Git\cmd;C:\Windows\system32;C:\Windows;C:\Windows\System32\Wbem;C:\Program Files\nodejs\;C:\Users\yang\AppData\Local\Yarn\config\global\node_modules\.bin;C:\Users\yang\AppData\Roaming\Composer\vendor\bin;D:\laragon\bin;D:\laragon\bin\apache\httpd-2.4.54-win64-VS17\bin;D:\laragon\bin\composer;D:\laragon\bin\git\bin;D:\laragon\bin\git\cmd;D:\laragon\bin\git\mingw64\bin;D:\laragon\bin\git\usr\bin;D:\laragon\bin\laragon\utils;D:\laragon\bin\mysql\mysql-8.0.30-winx64\bin;D:\laragon\bin\nginx\nginx-1.19.10;D:\laragon\bin\ngrok;D:\laragon\bin\nodejs\node-v18.12.1-win-x64;D:\laragon\bin\notepad++;D:\laragon\bin\php\php-8.1.13-Win32-vs16-x64;D:\laragon\bin\python\python-3.10;D:\laragon\bin\python\python-3.10\Scripts;D:\laragon\bin\redis\redis-x64-3.2.100;D:\laragon\bin\telnet;D:\laragon\usr\bin;D:\Python3\Scripts\;D:\Python3\;C:\Program Files\MySQL\MySQL Shell 8.0\bin\;C:\Users\yang\AppData\Local\Microsoft\WindowsApps;D:\Program\Microsoft VS Code\bin;D:\Program\PhpStorm 2021.3\bin;C:\jdk-17.0.2\bin;D:\Tool\ffmpeg\bin;C:\Users\yang\AppData\Roaming\npm;D:\Program\sqlite;
USERNAME=yang
OS=Windows_NT
PROCESSOR_IDENTIFIER=Intel64 Family 6 Model 142 Stepping 12, GenuineIntel



---------------  S Y S T E M  ---------------

OS:
 Windows 11 , 64 bit Build 22000 (10.0.22000.1761)
OS uptime: 46 days 22:21 hours

CPU: total 4 (initial active 4) (2 cores per cpu, 2 threads per core) family 6 model 142 stepping 12 microcode 0xde, cx8, cmov, fxsr, ht, mmx, 3dnowpref, sse, sse2, sse3, ssse3, sse4.1, sse4.2, popcnt, lzcnt, tsc, tscinvbit, avx, avx2, aes, erms, clmul, bmi1, bmi2, adx, fma, vzeroupper, clflush, clflushopt

Memory: 4k page, system-wide physical 8029M (353M free)
TotalPageFile size 23662M (AvailPageFile size 134M)
current process WorkingSet (physical memory assigned to process): 354M, peak: 363M
current process commit charge ("private bytes"): 388M, peak: 543M

vm_info: OpenJDK 64-Bit Server VM (17.0.2+8-86) for windows-amd64 JRE (17.0.2+8-86), built on Dec  7 2021 21:49:10 by "mach5one" with MS VC++ 16.8 / 16.9 (VS2019)

END.
